
*** Running vivado
    with args -log design_led_hello_world_wrapper.vdi -applog -m64 -messageDb vivado.pb -mode batch -source design_led_hello_world_wrapper.tcl -notrace


****** Vivado v2014.2 (64-bit)
  **** SW Build 932637 on Wed Jun 11 13:33:10 MDT 2014
  **** IP Build 924643 on Fri May 30 09:20:16 MDT 2014
    ** Copyright 1986-2014 Xilinx, Inc. All Rights Reserved.

source design_led_hello_world_wrapper.tcl -notrace
Design is defaulting to srcset: sources_1
Design is defaulting to constrset: constrs_1
INFO: [Netlist 29-17] Analyzing 18 Unisim elements for replacement
INFO: [Netlist 29-28] Unisim Transformation completed in 0 CPU seconds
INFO: [Project 1-479] Netlist was created with Vivado 2014.2
Loading clock regions from C:/Xilinx/Vivado/2014.2/data\parts/xilinx/zynq/zynq/xc7z020/ClockRegion.xml
Loading clock buffers from C:/Xilinx/Vivado/2014.2/data\parts/xilinx/zynq/zynq/xc7z020/ClockBuffers.xml
Loading clock placement rules from C:/Xilinx/Vivado/2014.2/data/parts/xilinx/zynq/ClockPlacerRules.xml
Loading package pin functions from C:/Xilinx/Vivado/2014.2/data\parts/xilinx/zynq/PinFunctions.xml...
Loading package from C:/Xilinx/Vivado/2014.2/data\parts/xilinx/zynq/zynq/xc7z020/clg484/Package.xml
Loading io standards from C:/Xilinx/Vivado/2014.2/data\./parts/xilinx/zynq/IOStandards.xml
INFO: [Opt 31-140] Inserted 0 IBUFs to IO ports without IO buffers.
INFO: [Opt 31-141] Inserted 0 OBUFs to IO ports without IO buffers.
Parsing XDC File [c:/Users/VRL/LED_HelloWorld/LED_HelloWorld.srcs/sources_1/bd/design_led_hello_world/ip/design_led_hello_world_processing_system7_0_0/design_led_hello_world_processing_system7_0_0.xdc] for cell 'design_led_hello_world_i/processing_system7_0/inst'
Finished Parsing XDC File [c:/Users/VRL/LED_HelloWorld/LED_HelloWorld.srcs/sources_1/bd/design_led_hello_world/ip/design_led_hello_world_processing_system7_0_0/design_led_hello_world_processing_system7_0_0.xdc] for cell 'design_led_hello_world_i/processing_system7_0/inst'
Parsing XDC File [c:/Users/VRL/LED_HelloWorld/LED_HelloWorld.srcs/sources_1/bd/design_led_hello_world/ip/design_led_hello_world_axi_gpio_0_0/design_led_hello_world_axi_gpio_0_0.xdc] for cell 'design_led_hello_world_i/axi_gpio_0/U0'
Finished Parsing XDC File [c:/Users/VRL/LED_HelloWorld/LED_HelloWorld.srcs/sources_1/bd/design_led_hello_world/ip/design_led_hello_world_axi_gpio_0_0/design_led_hello_world_axi_gpio_0_0.xdc] for cell 'design_led_hello_world_i/axi_gpio_0/U0'
Parsing XDC File [c:/Users/VRL/LED_HelloWorld/LED_HelloWorld.srcs/sources_1/bd/design_led_hello_world/ip/design_led_hello_world_axi_gpio_0_0/design_led_hello_world_axi_gpio_0_0_board.xdc] for cell 'design_led_hello_world_i/axi_gpio_0/U0'
Finished Parsing XDC File [c:/Users/VRL/LED_HelloWorld/LED_HelloWorld.srcs/sources_1/bd/design_led_hello_world/ip/design_led_hello_world_axi_gpio_0_0/design_led_hello_world_axi_gpio_0_0_board.xdc] for cell 'design_led_hello_world_i/axi_gpio_0/U0'
Parsing XDC File [c:/Users/VRL/LED_HelloWorld/LED_HelloWorld.srcs/sources_1/bd/design_led_hello_world/ip/design_led_hello_world_rst_processing_system7_0_50M_0/design_led_hello_world_rst_processing_system7_0_50M_0.xdc] for cell 'design_led_hello_world_i/rst_processing_system7_0_50M'
Finished Parsing XDC File [c:/Users/VRL/LED_HelloWorld/LED_HelloWorld.srcs/sources_1/bd/design_led_hello_world/ip/design_led_hello_world_rst_processing_system7_0_50M_0/design_led_hello_world_rst_processing_system7_0_50M_0.xdc] for cell 'design_led_hello_world_i/rst_processing_system7_0_50M'
Parsing XDC File [c:/Users/VRL/LED_HelloWorld/LED_HelloWorld.srcs/sources_1/bd/design_led_hello_world/ip/design_led_hello_world_rst_processing_system7_0_50M_0/design_led_hello_world_rst_processing_system7_0_50M_0_board.xdc] for cell 'design_led_hello_world_i/rst_processing_system7_0_50M'
Finished Parsing XDC File [c:/Users/VRL/LED_HelloWorld/LED_HelloWorld.srcs/sources_1/bd/design_led_hello_world/ip/design_led_hello_world_rst_processing_system7_0_50M_0/design_led_hello_world_rst_processing_system7_0_50M_0_board.xdc] for cell 'design_led_hello_world_i/rst_processing_system7_0_50M'
INFO: [Opt 31-138] Pushed 0 inverter(s) to 0 load pin(s).
INFO: [Project 1-111] Unisim Transformation Summary:
No Unisim elements were transformed.

link_design: Time (s): cpu = 00:00:07 ; elapsed = 00:00:08 . Memory (MB): peak = 467.703 ; gain = 287.316
Command: opt_design
Attempting to get a license for feature 'Implementation' and/or device 'xc7z020'
INFO: [Common 17-349] Got license for feature 'Implementation' and/or device 'xc7z020'
Running DRC as a precondition to command opt_design

Starting DRC Task
INFO: [Drc 23-27] Running DRC with 2 threads
INFO: [Project 1-461] DRC finished with 0 Errors
INFO: [Project 1-462] Please refer to the DRC report (report_drc) for more information.

Time (s): cpu = 00:00:00 ; elapsed = 00:00:00.156 . Memory (MB): peak = 470.742 ; gain = 0.000
INFO: [Timing 38-35] Done setting XDC timing constraints.

Starting Logic Optimization Task

Phase 1 Retarget

INFO: [Opt 31-138] Pushed 0 inverter(s) to 0 load pin(s).
INFO: [Opt 31-49] Retargeted 0 cell(s).
Phase 1 Retarget | Checksum: 1d6820cb7

Time (s): cpu = 00:00:00 ; elapsed = 00:00:00.187 . Memory (MB): peak = 887.043 ; gain = 0.000

Phase 2 Constant Propagation
INFO: [Opt 31-138] Pushed 0 inverter(s) to 0 load pin(s).
INFO: [Opt 31-10] Eliminated 56 cells.
Phase 2 Constant Propagation | Checksum: b4559c22

Time (s): cpu = 00:00:01 ; elapsed = 00:00:00.468 . Memory (MB): peak = 887.043 ; gain = 0.000

Phase 3 Sweep
INFO: [Opt 31-12] Eliminated 199 unconnected nets.
INFO: [Opt 31-140] Inserted 0 IBUFs to IO ports without IO buffers.
INFO: [Opt 31-141] Inserted 0 OBUFs to IO ports without IO buffers.
INFO: [Opt 31-11] Eliminated 267 unconnected cells.
Phase 3 Sweep | Checksum: 12cb0c791

Time (s): cpu = 00:00:01 ; elapsed = 00:00:01 . Memory (MB): peak = 887.043 ; gain = 0.000
Ending Logic Optimization Task | Checksum: 12cb0c791

Time (s): cpu = 00:00:00 ; elapsed = 00:00:01 . Memory (MB): peak = 887.043 ; gain = 0.000
Implement Debug Cores | Checksum: 19e860b1d
Logic Optimization | Checksum: 19e860b1d

Starting Power Optimization Task
INFO: [Pwropt 34-132] Will skip clock gating for clocks with period < 3.13 ns.
Ending Power Optimization Task | Checksum: 12cb0c791

Time (s): cpu = 00:00:00 ; elapsed = 00:00:00.031 . Memory (MB): peak = 887.043 ; gain = 0.000
INFO: [Common 17-83] Releasing license: Implementation
22 Infos, 0 Warnings, 0 Critical Warnings and 0 Errors encountered.
opt_design completed successfully
opt_design: Time (s): cpu = 00:00:15 ; elapsed = 00:00:16 . Memory (MB): peak = 887.043 ; gain = 419.340
Writing XDEF routing.
Writing XDEF routing logical nets.
Writing XDEF routing special nets.
Write XDEF Complete: Time (s): cpu = 00:00:01 ; elapsed = 00:00:00.250 . Memory (MB): peak = 887.043 ; gain = 0.000
Command: place_design
Attempting to get a license for feature 'Implementation' and/or device 'xc7z020'
INFO: [Common 17-349] Got license for feature 'Implementation' and/or device 'xc7z020'
Running DRC as a precondition to command place_design
INFO: [Drc 23-27] Running DRC with 2 threads
INFO: [Vivado_Tcl 4-198] DRC finished with 0 Errors
INFO: [Vivado_Tcl 4-199] Please refer to the DRC report (report_drc) for more information.

Starting Placer Task
INFO: [Place 30-611] Multithreading enabled for place_design using a maximum of 2 CPUs

Phase 1 Placer Runtime Estimator
Phase 1 Placer Runtime Estimator | Checksum: 1093fe88d

Time (s): cpu = 00:00:00 ; elapsed = 00:00:00.047 . Memory (MB): peak = 887.043 ; gain = 0.000

Phase 2 Placer Initialization

Phase 2.1 Placer Initialization Core
Netlist sorting complete. Time (s): cpu = 00:00:00 ; elapsed = 00:00:00.016 . Memory (MB): peak = 887.043 ; gain = 0.000

Phase 2.1.1 Mandatory Logic Optimization
Netlist sorting complete. Time (s): cpu = 00:00:00 ; elapsed = 00:00:00 . Memory (MB): peak = 887.043 ; gain = 0.000
Phase 2.1.1 Mandatory Logic Optimization | Checksum: 7d648d78

Time (s): cpu = 00:00:00 ; elapsed = 00:00:00.093 . Memory (MB): peak = 887.043 ; gain = 0.000

Phase 2.1.2 Build Super Logic Region (SLR) Database
Phase 2.1.2 Build Super Logic Region (SLR) Database | Checksum: 7d648d78

Time (s): cpu = 00:00:00 ; elapsed = 00:00:00.171 . Memory (MB): peak = 887.043 ; gain = 0.000

Phase 2.1.3 Add Constraints
Phase 2.1.3 Add Constraints | Checksum: 7d648d78

Time (s): cpu = 00:00:00 ; elapsed = 00:00:00.171 . Memory (MB): peak = 887.043 ; gain = 0.000

Phase 2.1.4 Build Shapes/ HD Config

Phase 2.1.4.1 Build Macros
Phase 2.1.4.1 Build Macros | Checksum: 996538a6

Time (s): cpu = 00:00:00 ; elapsed = 00:00:00.405 . Memory (MB): peak = 887.043 ; gain = 0.000
Phase 2.1.4 Build Shapes/ HD Config | Checksum: 996538a6

Time (s): cpu = 00:00:00 ; elapsed = 00:00:00.405 . Memory (MB): peak = 887.043 ; gain = 0.000

Phase 2.1.5 IO Placement/ Clock Placement/ Build Placer Device

Phase 2.1.5.1 Pre-Place Cells
Phase 2.1.5.1 Pre-Place Cells | Checksum: 7d648d78

Time (s): cpu = 00:00:00 ; elapsed = 00:00:00.421 . Memory (MB): peak = 887.043 ; gain = 0.000
WARNING: [Place 30-12] An IO Bus FIXED_IO_mio with more than one IO standard is found. Components associated with this bus are: 
	FIXED_IO_mio[53] of IOStandard LVCMOS18
	FIXED_IO_mio[52] of IOStandard LVCMOS18
	FIXED_IO_mio[51] of IOStandard LVCMOS18
	FIXED_IO_mio[50] of IOStandard LVCMOS18
	FIXED_IO_mio[49] of IOStandard LVCMOS18
	FIXED_IO_mio[48] of IOStandard LVCMOS18
	FIXED_IO_mio[47] of IOStandard LVCMOS18
	FIXED_IO_mio[46] of IOStandard LVCMOS18
	FIXED_IO_mio[45] of IOStandard LVCMOS18
	FIXED_IO_mio[44] of IOStandard LVCMOS18
	FIXED_IO_mio[43] of IOStandard LVCMOS18
	FIXED_IO_mio[42] of IOStandard LVCMOS18
	FIXED_IO_mio[41] of IOStandard LVCMOS18
	FIXED_IO_mio[40] of IOStandard LVCMOS18
	FIXED_IO_mio[39] of IOStandard LVCMOS18
	FIXED_IO_mio[38] of IOStandard LVCMOS18
	FIXED_IO_mio[37] of IOStandard LVCMOS18
	FIXED_IO_mio[36] of IOStandard LVCMOS18
	FIXED_IO_mio[35] of IOStandard LVCMOS18
	FIXED_IO_mio[34] of IOStandard LVCMOS18
	FIXED_IO_mio[33] of IOStandard LVCMOS18
	FIXED_IO_mio[32] of IOStandard LVCMOS18
	FIXED_IO_mio[31] of IOStandard LVCMOS18
	FIXED_IO_mio[30] of IOStandard LVCMOS18
	FIXED_IO_mio[29] of IOStandard LVCMOS18
	FIXED_IO_mio[28] of IOStandard LVCMOS18
	FIXED_IO_mio[27] of IOStandard HSTL_I_18
	FIXED_IO_mio[26] of IOStandard HSTL_I_18
	FIXED_IO_mio[25] of IOStandard HSTL_I_18
	FIXED_IO_mio[24] of IOStandard HSTL_I_18
	FIXED_IO_mio[23] of IOStandard HSTL_I_18
	FIXED_IO_mio[22] of IOStandard HSTL_I_18
	FIXED_IO_mio[21] of IOStandard HSTL_I_18
	FIXED_IO_mio[20] of IOStandard HSTL_I_18
	FIXED_IO_mio[19] of IOStandard HSTL_I_18
	FIXED_IO_mio[18] of IOStandard HSTL_I_18
	FIXED_IO_mio[17] of IOStandard HSTL_I_18
	FIXED_IO_mio[16] of IOStandard HSTL_I_18
	FIXED_IO_mio[15] of IOStandard LVCMOS18
	FIXED_IO_mio[14] of IOStandard LVCMOS18
	FIXED_IO_mio[13] of IOStandard LVCMOS18
	FIXED_IO_mio[12] of IOStandard LVCMOS18
	FIXED_IO_mio[11] of IOStandard LVCMOS18
	FIXED_IO_mio[10] of IOStandard LVCMOS18
	FIXED_IO_mio[9] of IOStandard LVCMOS18
	FIXED_IO_mio[8] of IOStandard LVCMOS18
	FIXED_IO_mio[7] of IOStandard LVCMOS18
	FIXED_IO_mio[6] of IOStandard LVCMOS18
	FIXED_IO_mio[5] of IOStandard LVCMOS18
	FIXED_IO_mio[4] of IOStandard LVCMOS18
	FIXED_IO_mio[3] of IOStandard LVCMOS18
	FIXED_IO_mio[2] of IOStandard LVCMOS18
	FIXED_IO_mio[1] of IOStandard LVCMOS18
	FIXED_IO_mio[0] of IOStandard LVCMOS18
INFO: [Timing 38-35] Done setting XDC timing constraints.

Phase 2.1.5.2 IO & Clk Clean Up
Phase 2.1.5.2 IO & Clk Clean Up | Checksum: 7d648d78

Time (s): cpu = 00:00:01 ; elapsed = 00:00:01 . Memory (MB): peak = 887.043 ; gain = 0.000

Phase 2.1.5.3 Implementation Feasibility check On IDelay
Phase 2.1.5.3 Implementation Feasibility check On IDelay | Checksum: 7d648d78

Time (s): cpu = 00:00:01 ; elapsed = 00:00:01 . Memory (MB): peak = 887.043 ; gain = 0.000

Phase 2.1.5.4 Commit IO Placement
Phase 2.1.5.4 Commit IO Placement | Checksum: 677b0cbc

Time (s): cpu = 00:00:01 ; elapsed = 00:00:01 . Memory (MB): peak = 887.043 ; gain = 0.000
Phase 2.1.5 IO Placement/ Clock Placement/ Build Placer Device | Checksum: 837bb7ea

Time (s): cpu = 00:00:01 ; elapsed = 00:00:01 . Memory (MB): peak = 887.043 ; gain = 0.000

Phase 2.1.6 Build Placer Netlist Model

Phase 2.1.6.1 Place Init Design

Phase 2.1.6.1.1 Init Lut Pin Assignment
Phase 2.1.6.1.1 Init Lut Pin Assignment | Checksum: 16f59c49f

Time (s): cpu = 00:00:01 ; elapsed = 00:00:01 . Memory (MB): peak = 887.043 ; gain = 0.000

Phase 2.1.6.1.2 Build Clock Data
Phase 2.1.6.1.2 Build Clock Data | Checksum: b3a485f9

Time (s): cpu = 00:00:02 ; elapsed = 00:00:02 . Memory (MB): peak = 887.043 ; gain = 0.000

Phase 2.1.6.1.3 setBudgets in placeInitDesign
Phase 2.1.6.1.3 setBudgets in placeInitDesign | Checksum: fa9b9c27

Time (s): cpu = 00:00:02 ; elapsed = 00:00:02 . Memory (MB): peak = 887.043 ; gain = 0.000
Phase 2.1.6.1 Place Init Design | Checksum: bce13f75

Time (s): cpu = 00:00:02 ; elapsed = 00:00:02 . Memory (MB): peak = 887.043 ; gain = 0.000
Phase 2.1.6 Build Placer Netlist Model | Checksum: bce13f75

Time (s): cpu = 00:00:02 ; elapsed = 00:00:02 . Memory (MB): peak = 887.043 ; gain = 0.000

Phase 2.1.7 Constrain Clocks/Macros

Phase 2.1.7.1 Constrain Global/Regional Clocks
Phase 2.1.7.1 Constrain Global/Regional Clocks | Checksum: bce13f75

Time (s): cpu = 00:00:02 ; elapsed = 00:00:02 . Memory (MB): peak = 887.043 ; gain = 0.000
Phase 2.1.7 Constrain Clocks/Macros | Checksum: bce13f75

Time (s): cpu = 00:00:02 ; elapsed = 00:00:02 . Memory (MB): peak = 887.043 ; gain = 0.000
Phase 2.1 Placer Initialization Core | Checksum: bce13f75

Time (s): cpu = 00:00:02 ; elapsed = 00:00:02 . Memory (MB): peak = 887.043 ; gain = 0.000
Phase 2 Placer Initialization | Checksum: bce13f75

Time (s): cpu = 00:00:02 ; elapsed = 00:00:02 . Memory (MB): peak = 887.043 ; gain = 0.000

Phase 3 Global Placement

Phase 3.1 Run Budgeter
Phase 3.1 Run Budgeter | Checksum: c9c518fa

Time (s): cpu = 00:00:02 ; elapsed = 00:00:02 . Memory (MB): peak = 887.332 ; gain = 0.289
Phase 3 Global Placement | Checksum: e2aa5b03

Time (s): cpu = 00:00:04 ; elapsed = 00:00:03 . Memory (MB): peak = 888.703 ; gain = 1.660

Phase 4 Detail Placement

Phase 4.1 Commit Multi Column Macros
Phase 4.1 Commit Multi Column Macros | Checksum: e2aa5b03

Time (s): cpu = 00:00:04 ; elapsed = 00:00:03 . Memory (MB): peak = 888.703 ; gain = 1.660

Phase 4.2 Commit Most Macros & LUTRAMs
Phase 4.2 Commit Most Macros & LUTRAMs | Checksum: 1ba42e9c6

Time (s): cpu = 00:00:04 ; elapsed = 00:00:03 . Memory (MB): peak = 899.824 ; gain = 12.781

Phase 4.3 Area Swap Optimization
Phase 4.3 Area Swap Optimization | Checksum: 124dec41a

Time (s): cpu = 00:00:04 ; elapsed = 00:00:03 . Memory (MB): peak = 899.824 ; gain = 12.781

Phase 4.4 Timing Path Optimizer
Phase 4.4 Timing Path Optimizer | Checksum: 13285f2f3

Time (s): cpu = 00:00:04 ; elapsed = 00:00:03 . Memory (MB): peak = 899.824 ; gain = 12.781

Phase 4.5 Commit Small Macros & Core Logic

Phase 4.5.1 setBudgets
Phase 4.5.1 setBudgets | Checksum: 1bb68095d

Time (s): cpu = 00:00:04 ; elapsed = 00:00:03 . Memory (MB): peak = 899.824 ; gain = 12.781
Phase 4.5 Commit Small Macros & Core Logic | Checksum: c03d21c8

Time (s): cpu = 00:00:05 ; elapsed = 00:00:04 . Memory (MB): peak = 905.328 ; gain = 18.285

Phase 4.6 Re-assign LUT pins
Phase 4.6 Re-assign LUT pins | Checksum: c03d21c8

Time (s): cpu = 00:00:05 ; elapsed = 00:00:04 . Memory (MB): peak = 905.352 ; gain = 18.309
Phase 4 Detail Placement | Checksum: c03d21c8

Time (s): cpu = 00:00:05 ; elapsed = 00:00:04 . Memory (MB): peak = 905.352 ; gain = 18.309

Phase 5 Post Placement Optimization and Clean-Up

Phase 5.1 PCOPT Shape updates
Phase 5.1 PCOPT Shape updates | Checksum: 17ce80a76

Time (s): cpu = 00:00:05 ; elapsed = 00:00:04 . Memory (MB): peak = 905.352 ; gain = 18.309

Phase 5.2 Post Placement Optimization

Phase 5.2.1 Post Placement Timing Optimization
INFO: [Place 30-746] Post Placement Timing Summary WNS=13.643. For the most accurate timing information please run report_timing.
Phase 5.2.1 Post Placement Timing Optimization | Checksum: 17ad8d742

Time (s): cpu = 00:00:05 ; elapsed = 00:00:04 . Memory (MB): peak = 905.352 ; gain = 18.309
Phase 5.2 Post Placement Optimization | Checksum: 17ad8d742

Time (s): cpu = 00:00:05 ; elapsed = 00:00:04 . Memory (MB): peak = 905.352 ; gain = 18.309

Phase 5.3 Post Placement Cleanup
Phase 5.3 Post Placement Cleanup | Checksum: 17ad8d742

Time (s): cpu = 00:00:05 ; elapsed = 00:00:04 . Memory (MB): peak = 905.352 ; gain = 18.309

Phase 5.4 Placer Reporting

Phase 5.4.1 Restore STA
Phase 5.4.1 Restore STA | Checksum: 17ad8d742

Time (s): cpu = 00:00:05 ; elapsed = 00:00:04 . Memory (MB): peak = 905.352 ; gain = 18.309
Phase 5.4 Placer Reporting | Checksum: 17ad8d742

Time (s): cpu = 00:00:05 ; elapsed = 00:00:04 . Memory (MB): peak = 905.352 ; gain = 18.309

Phase 5.5 Final Placement Cleanup
Phase 5.5 Final Placement Cleanup | Checksum: e917b4ea

Time (s): cpu = 00:00:05 ; elapsed = 00:00:04 . Memory (MB): peak = 905.352 ; gain = 18.309
Phase 5 Post Placement Optimization and Clean-Up | Checksum: e917b4ea

Time (s): cpu = 00:00:05 ; elapsed = 00:00:04 . Memory (MB): peak = 905.352 ; gain = 18.309
Ending Placer Task | Checksum: c5803bd6

Time (s): cpu = 00:00:00 ; elapsed = 00:00:04 . Memory (MB): peak = 905.352 ; gain = 18.309
INFO: [Common 17-83] Releasing license: Implementation
30 Infos, 1 Warnings, 0 Critical Warnings and 0 Errors encountered.
place_design completed successfully
Writing XDEF routing.
Writing XDEF routing logical nets.
Writing XDEF routing special nets.
Write XDEF Complete: Time (s): cpu = 00:00:00 ; elapsed = 00:00:00.265 . Memory (MB): peak = 905.352 ; gain = 0.000
report_utilization: Time (s): cpu = 00:00:00 ; elapsed = 00:00:00.047 . Memory (MB): peak = 905.742 ; gain = 0.000
Command: route_design
Attempting to get a license for feature 'Implementation' and/or device 'xc7z020'
INFO: [Common 17-349] Got license for feature 'Implementation' and/or device 'xc7z020'
Running DRC as a precondition to command route_design
INFO: [Drc 23-27] Running DRC with 2 threads
INFO: [Vivado_Tcl 4-198] DRC finished with 0 Errors, 1 Warnings
INFO: [Vivado_Tcl 4-199] Please refer to the DRC report (report_drc) for more information.


Starting Routing Task
INFO: [Route 35-254] Multithreading enabled for route_design using a maximum of 2 CPUs

Starting Route Task

Phase 1 Build RT Design
Phase 1 Build RT Design | Checksum: a76598f7

Time (s): cpu = 00:00:32 ; elapsed = 00:00:29 . Memory (MB): peak = 1054.926 ; gain = 137.184

Phase 2 Router Initialization

Phase 2.1 Create Timer
Phase 2.1 Create Timer | Checksum: a76598f7

Time (s): cpu = 00:00:32 ; elapsed = 00:00:29 . Memory (MB): peak = 1054.926 ; gain = 137.184
 Number of Nodes with overlaps = 0

Phase 2.2 Update Timing
Phase 2.2 Update Timing | Checksum: 707b10d4

Time (s): cpu = 00:00:33 ; elapsed = 00:00:29 . Memory (MB): peak = 1074.391 ; gain = 156.648
INFO: [Route 35-57] Estimated Timing Summary | WNS=13.6   | TNS=0      | WHS=-0.152 | THS=-14.3  |

Phase 2 Router Initialization | Checksum: 707b10d4

Time (s): cpu = 00:00:33 ; elapsed = 00:00:30 . Memory (MB): peak = 1074.391 ; gain = 156.648

Phase 3 Initial Routing
Phase 3 Initial Routing | Checksum: be12db1e

Time (s): cpu = 00:00:33 ; elapsed = 00:00:30 . Memory (MB): peak = 1074.391 ; gain = 156.648

Phase 4 Rip-up And Reroute

Phase 4.1 Global Iteration 0
 Number of Nodes with overlaps = 55
 Number of Nodes with overlaps = 0

Phase 4.1.1 Update Timing
Phase 4.1.1 Update Timing | Checksum: 12f06e7ba

Time (s): cpu = 00:00:34 ; elapsed = 00:00:30 . Memory (MB): peak = 1074.391 ; gain = 156.648
INFO: [Route 35-57] Estimated Timing Summary | WNS=13.1   | TNS=0      | WHS=N/A    | THS=N/A    |

Phase 4.1 Global Iteration 0 | Checksum: bd3bf118

Time (s): cpu = 00:00:34 ; elapsed = 00:00:30 . Memory (MB): peak = 1074.391 ; gain = 156.648

Phase 4.2 Global Iteration 1
 Number of Nodes with overlaps = 1
 Number of Nodes with overlaps = 0

Phase 4.2.1 Update Timing
Phase 4.2.1 Update Timing | Checksum: 1e1828ddd

Time (s): cpu = 00:00:34 ; elapsed = 00:00:30 . Memory (MB): peak = 1074.391 ; gain = 156.648
INFO: [Route 35-57] Estimated Timing Summary | WNS=13.1   | TNS=0      | WHS=N/A    | THS=N/A    |

Phase 4.2 Global Iteration 1 | Checksum: 1e1828ddd

Time (s): cpu = 00:00:34 ; elapsed = 00:00:30 . Memory (MB): peak = 1074.391 ; gain = 156.648
Phase 4 Rip-up And Reroute | Checksum: 1e1828ddd

Time (s): cpu = 00:00:34 ; elapsed = 00:00:30 . Memory (MB): peak = 1074.391 ; gain = 156.648

Phase 5 Delay CleanUp

Phase 5.1 Update Timing
Phase 5.1 Update Timing | Checksum: 1e1828ddd

Time (s): cpu = 00:00:34 ; elapsed = 00:00:30 . Memory (MB): peak = 1074.391 ; gain = 156.648
INFO: [Route 35-57] Estimated Timing Summary | WNS=13.2   | TNS=0      | WHS=N/A    | THS=N/A    |

Phase 5 Delay CleanUp | Checksum: 1e1828ddd

Time (s): cpu = 00:00:34 ; elapsed = 00:00:30 . Memory (MB): peak = 1074.391 ; gain = 156.648

Phase 6 Clock Skew Optimization
Phase 6 Clock Skew Optimization | Checksum: 1e1828ddd

Time (s): cpu = 00:00:34 ; elapsed = 00:00:30 . Memory (MB): peak = 1074.391 ; gain = 156.648

Phase 7 Post Hold Fix

Phase 7.1 Update Timing
Phase 7.1 Update Timing | Checksum: 1e1828ddd

Time (s): cpu = 00:00:34 ; elapsed = 00:00:30 . Memory (MB): peak = 1074.391 ; gain = 156.648
INFO: [Route 35-57] Estimated Timing Summary | WNS=13.2   | TNS=0      | WHS=0.04   | THS=0      |

Phase 7 Post Hold Fix | Checksum: 1e1828ddd

Time (s): cpu = 00:00:34 ; elapsed = 00:00:30 . Memory (MB): peak = 1074.391 ; gain = 156.648

Phase 8 Route finalize

Router Utilization Summary
  Global Vertical Routing Utilization    = 0.127006 %
  Global Horizontal Routing Utilization  = 0.172329 %
  Routable Net Status*
  *Does not include unroutable nets such as driverless and loadless.
  Run report_route_status for detailed report.
  Number of Failed Nets               = 0
  Number of Unrouted Nets             = 0
  Number of Partially Routed Nets     = 0
  Number of Node Overlaps             = 0

Phase 8 Route finalize | Checksum: 1e1828ddd

Time (s): cpu = 00:00:34 ; elapsed = 00:00:30 . Memory (MB): peak = 1074.391 ; gain = 156.648

Phase 9 Verifying routed nets

 Verification completed successfully
Phase 9 Verifying routed nets | Checksum: 1e1828ddd

Time (s): cpu = 00:00:34 ; elapsed = 00:00:30 . Memory (MB): peak = 1074.391 ; gain = 156.648

Phase 10 Depositing Routes
Phase 10 Depositing Routes | Checksum: 1c84822b6

Time (s): cpu = 00:00:34 ; elapsed = 00:00:30 . Memory (MB): peak = 1074.391 ; gain = 156.648

Phase 11 Post Router Timing
INFO: [Route 35-57] Estimated Timing Summary | WNS=13.2   | TNS=0      | WHS=0.04   | THS=0      |

INFO: [Route 35-327] The final timing numbers are based on the router estimated timing analysis. For a complete and accurate timing signoff, please run report_timing_summary.
Phase 11 Post Router Timing | Checksum: 1c84822b6

Time (s): cpu = 00:00:34 ; elapsed = 00:00:30 . Memory (MB): peak = 1074.391 ; gain = 156.648
INFO: [Route 35-16] Router Completed Successfully
Ending Route Task | Checksum: 1c84822b6

Time (s): cpu = 00:00:00 ; elapsed = 00:00:30 . Memory (MB): peak = 1074.391 ; gain = 156.648

Routing Is Done.

Time (s): cpu = 00:00:00 ; elapsed = 00:00:30 . Memory (MB): peak = 1074.391 ; gain = 156.648
INFO: [Common 17-83] Releasing license: Implementation
44 Infos, 1 Warnings, 0 Critical Warnings and 0 Errors encountered.
route_design completed successfully
route_design: Time (s): cpu = 00:00:35 ; elapsed = 00:00:31 . Memory (MB): peak = 1074.391 ; gain = 168.648
Writing XDEF routing.
Writing XDEF routing logical nets.
Writing XDEF routing special nets.
Write XDEF Complete: Time (s): cpu = 00:00:01 ; elapsed = 00:00:00.328 . Memory (MB): peak = 1074.391 ; gain = 0.000
INFO: [Drc 23-27] Running DRC with 2 threads
INFO: [Coretcl 2-168] The results of DRC are in file C:/Users/VRL/LED_HelloWorld/LED_HelloWorld.runs/impl_1/design_led_hello_world_wrapper_drc_routed.rpt.
INFO: [Timing 38-91] UpdateTimingParams: Speed grade: -1, Delay Type: min_max, Constraints type: SDC.
INFO: [Timing 38-191] Multithreading enabled for timing update using a maximum of 2 CPUs
Running Vector-less Activity Propagation...

Finished Running Vector-less Activity Propagation
Attempting to get a license for feature 'Implementation' and/or device 'xc7z020'
INFO: [Common 17-349] Got license for feature 'Implementation' and/or device 'xc7z020'
Running DRC as a precondition to command write_bitstream
INFO: [Drc 23-27] Running DRC with 2 threads
INFO: [Vivado 12-3199] DRC finished with 0 Errors, 1 Warnings
INFO: [Vivado 12-3200] Please refer to the DRC report (report_drc) for more information.
Loading data files...
Loading site data...
Loading route data...
Processing options...
Creating bitmap...
Creating bitstream...
Writing bitstream ./design_led_hello_world_wrapper.bit...
INFO: [Vivado 12-1842] Bitgen Completed Successfully.
INFO: [Common 17-83] Releasing license: Implementation
write_bitstream: Time (s): cpu = 00:00:28 ; elapsed = 00:00:29 . Memory (MB): peak = 1405.203 ; gain = 326.656
INFO: [Common 17-206] Exiting Vivado at Tue Sep 09 17:25:37 2014...
